Traceback (most recent call last):
  File "/usr/local/lib/python3.8/dist-packages/jupyter_cache/executors/utils.py", line 51, in single_nb_execution
    executenb(
  File "/usr/local/lib/python3.8/dist-packages/nbclient/client.py", line 1082, in execute
    return NotebookClient(nb=nb, resources=resources, km=km, **kwargs).execute()
  File "/usr/local/lib/python3.8/dist-packages/nbclient/util.py", line 74, in wrapped
    return just_run(coro(*args, **kwargs))
  File "/usr/local/lib/python3.8/dist-packages/nbclient/util.py", line 53, in just_run
    return loop.run_until_complete(coro)
  File "/usr/lib/python3.8/asyncio/base_events.py", line 616, in run_until_complete
    return future.result()
  File "/usr/local/lib/python3.8/dist-packages/nbclient/client.py", line 535, in async_execute
    await self.async_execute_cell(
  File "/usr/local/lib/python3.8/dist-packages/nbclient/client.py", line 827, in async_execute_cell
    self._check_raise_for_error(cell, exec_reply)
  File "/usr/local/lib/python3.8/dist-packages/nbclient/client.py", line 735, in _check_raise_for_error
    raise CellExecutionError.from_cell_and_msg(cell, exec_reply['content'])
nbclient.exceptions.CellExecutionError: An error occurred while executing the following cell:
------------------
```
\documentclass[12pt]{article}

\title{A Simple Document}

\author{Your Name}

\date{}

\begin{document}
  \maketitle
  
  \begin{abstract}
    This paper must be cool!
  \end{abstract}
  
  \section{Introduction}
    Blah Blah!
  
  \section{Materials \& Methods}
  One of the most famous equations is:
  \begin{equation}
    E = mc^2
  \end{equation}
  This equation was first proposed by Einstein in 1905 
  \cite{einstein1905does}.
  
  \bibliographystyle{plain}
  \bibliography{FirstBiblio}
\end{document}
```
------------------

[0;36m  File [0;32m"<ipython-input-1-06e4abbacf33>"[0;36m, line [0;32m1[0m
[0;31m    ```[0m
[0m    ^[0m
[0;31mSyntaxError[0m[0;31m:[0m invalid syntax

SyntaxError: invalid syntax (<ipython-input-1-06e4abbacf33>, line 1)

