Traceback (most recent call last):
  File "/usr/local/lib/python3.8/dist-packages/jupyter_cache/executors/utils.py", line 51, in single_nb_execution
    executenb(
  File "/usr/local/lib/python3.8/dist-packages/nbclient/client.py", line 1082, in execute
    return NotebookClient(nb=nb, resources=resources, km=km, **kwargs).execute()
  File "/usr/local/lib/python3.8/dist-packages/nbclient/util.py", line 74, in wrapped
    return just_run(coro(*args, **kwargs))
  File "/usr/local/lib/python3.8/dist-packages/nbclient/util.py", line 53, in just_run
    return loop.run_until_complete(coro)
  File "/usr/lib/python3.8/asyncio/base_events.py", line 616, in run_until_complete
    return future.result()
  File "/usr/local/lib/python3.8/dist-packages/nbclient/client.py", line 535, in async_execute
    await self.async_execute_cell(
  File "/usr/local/lib/python3.8/dist-packages/nbclient/client.py", line 827, in async_execute_cell
    self._check_raise_for_error(cell, exec_reply)
  File "/usr/local/lib/python3.8/dist-packages/nbclient/client.py", line 735, in _check_raise_for_error
    raise CellExecutionError.from_cell_and_msg(cell, exec_reply['content'])
nbclient.exceptions.CellExecutionError: An error occurred while executing the following cell:
------------------
plot(GenomeSize ~ Suborder, data=genome)
------------------

Error in plot.window(...): need finite 'xlim' values
Traceback:

1. plot(GenomeSize ~ Suborder, data = genome)
2. plot.formula(GenomeSize ~ Suborder, data = genome)
3. do.call(funname, c(list(mf[[i]], y, ylab = yl, xlab = xl), dots))
4. plot(c("Anisoptera", "Anisoptera", "Anisoptera", "Anisoptera", 
 . "Anisoptera", "Anisoptera", "Anisoptera", "Anisoptera", "Anisoptera", 
 . "Anisoptera", "Anisoptera", "Anisoptera", "Anisoptera", "Anisoptera", 
 . "Anisoptera", "Anisoptera", "Anisoptera", "Anisoptera", "Anisoptera", 
 . "Anisoptera", "Anisoptera", "Anisoptera", "Anisoptera", "Anisoptera", 
 . "Anisoptera", "Anisoptera", "Anisoptera", "Anisoptera", "Anisoptera", 
 . "Anisoptera", "Anisoptera", "Anisoptera", "Anisoptera", "Anisoptera", 
 . "Anisoptera", "Anisoptera", "Anisoptera", "Anisoptera", "Anisoptera", 
 . "Anisoptera", "Anisoptera", "Anisoptera", "Anisoptera", "Anisoptera", 
 . "Anisoptera", "Anisoptera", "Anisoptera", "Anisoptera", "Anisoptera", 
 . "Anisoptera", "Anisoptera", "Anisoptera", "Anisoptera", "Anisoptera", 
 . "Anisoptera", "Anisoptera", "Anisoptera", "Anisoptera", "Anisoptera", 
 . "Anisoptera", "Anisoptera", "Anisoptera", "Zygoptera", "Zygoptera", 
 . "Zygoptera", "Zygoptera", "Zygoptera", "Zygoptera", "Zygoptera", 
 . "Zygoptera", "Zygoptera", "Zygoptera", "Zygoptera", "Zygoptera", 
 . "Zygoptera", "Zygoptera", "Zygoptera", "Zygoptera", "Zygoptera", 
 . "Zygoptera", "Zygoptera", "Zygoptera", "Zygoptera", "Zygoptera", 
 . "Zygoptera", "Zygoptera", "Zygoptera", "Zygoptera", "Zygoptera", 
 . "Zygoptera", "Zygoptera", "Zygoptera", "Zygoptera", "Zygoptera", 
 . "Zygoptera", "Zygoptera", "Zygoptera", "Zygoptera", "Zygoptera", 
 . "Zygoptera"), c(2.2, 1.76, 1.85, 1.78, 2, 1.59, 1.44, 1.16, 1.44, 
 . 1.2, 1.31, 0.94, 1.54, 0.98, 1, 1.1, 0.98, 1.32, 1.08, 1.8, 2.36, 
 . 0.83, 0.82, 0.57, 0.71, 0.76, 0.71, 0.78, 0.73, 0.75, 0.72, 0.93, 
 . 0.94, 0.61, 0.72, 0.69, 0.87, 0.77, 0.91, 0.54, 0.56, 0.67, 0.62, 
 . 0.6, 0.98, 0.94, 0.93, 1.27, 0.74, 0.87, 0.84, 0.95, 0.41, 0.68, 
 . 0.62, 0.78, 0.82, 0.77, 0.67, 0.67, 1.08, 1.07, 1, 1.11, 0.94, 
 . 1.11, 0.89, 0.88, 0.94, 0.93, 0.9, 0.9, 0.88, 1.14, 1.35, 0.94, 
 . 1.26, 1, 1.1, 1.2, 1.15, 1.2, 1.18, 1.18, 1.08, 1.19, 1.28, 1.34, 
 . 0.96, 0.88, 0.97, 1.53, 1.8, 0.6, 0.72, 0.6, 0.63, 0.59, 0.73, 
 . 0.62), ylab = "GenomeSize", xlab = "Suborder")
5. plot.default(c("Anisoptera", "Anisoptera", "Anisoptera", "Anisoptera", 
 . "Anisoptera", "Anisoptera", "Anisoptera", "Anisoptera", "Anisoptera", 
 . "Anisoptera", "Anisoptera", "Anisoptera", "Anisoptera", "Anisoptera", 
 . "Anisoptera", "Anisoptera", "Anisoptera", "Anisoptera", "Anisoptera", 
 . "Anisoptera", "Anisoptera", "Anisoptera", "Anisoptera", "Anisoptera", 
 . "Anisoptera", "Anisoptera", "Anisoptera", "Anisoptera", "Anisoptera", 
 . "Anisoptera", "Anisoptera", "Anisoptera", "Anisoptera", "Anisoptera", 
 . "Anisoptera", "Anisoptera", "Anisoptera", "Anisoptera", "Anisoptera", 
 . "Anisoptera", "Anisoptera", "Anisoptera", "Anisoptera", "Anisoptera", 
 . "Anisoptera", "Anisoptera", "Anisoptera", "Anisoptera", "Anisoptera", 
 . "Anisoptera", "Anisoptera", "Anisoptera", "Anisoptera", "Anisoptera", 
 . "Anisoptera", "Anisoptera", "Anisoptera", "Anisoptera", "Anisoptera", 
 . "Anisoptera", "Anisoptera", "Anisoptera", "Zygoptera", "Zygoptera", 
 . "Zygoptera", "Zygoptera", "Zygoptera", "Zygoptera", "Zygoptera", 
 . "Zygoptera", "Zygoptera", "Zygoptera", "Zygoptera", "Zygoptera", 
 . "Zygoptera", "Zygoptera", "Zygoptera", "Zygoptera", "Zygoptera", 
 . "Zygoptera", "Zygoptera", "Zygoptera", "Zygoptera", "Zygoptera", 
 . "Zygoptera", "Zygoptera", "Zygoptera", "Zygoptera", "Zygoptera", 
 . "Zygoptera", "Zygoptera", "Zygoptera", "Zygoptera", "Zygoptera", 
 . "Zygoptera", "Zygoptera", "Zygoptera", "Zygoptera", "Zygoptera", 
 . "Zygoptera"), c(2.2, 1.76, 1.85, 1.78, 2, 1.59, 1.44, 1.16, 1.44, 
 . 1.2, 1.31, 0.94, 1.54, 0.98, 1, 1.1, 0.98, 1.32, 1.08, 1.8, 2.36, 
 . 0.83, 0.82, 0.57, 0.71, 0.76, 0.71, 0.78, 0.73, 0.75, 0.72, 0.93, 
 . 0.94, 0.61, 0.72, 0.69, 0.87, 0.77, 0.91, 0.54, 0.56, 0.67, 0.62, 
 . 0.6, 0.98, 0.94, 0.93, 1.27, 0.74, 0.87, 0.84, 0.95, 0.41, 0.68, 
 . 0.62, 0.78, 0.82, 0.77, 0.67, 0.67, 1.08, 1.07, 1, 1.11, 0.94, 
 . 1.11, 0.89, 0.88, 0.94, 0.93, 0.9, 0.9, 0.88, 1.14, 1.35, 0.94, 
 . 1.26, 1, 1.1, 1.2, 1.15, 1.2, 1.18, 1.18, 1.08, 1.19, 1.28, 1.34, 
 . 0.96, 0.88, 0.97, 1.53, 1.8, 0.6, 0.72, 0.6, 0.63, 0.59, 0.73, 
 . 0.62), ylab = "GenomeSize", xlab = "Suborder")
6. localWindow(xlim, ylim, log, asp, ...)
7. plot.window(...)
ERROR: Error in plot.window(...): need finite 'xlim' values


