Traceback (most recent call last):
  File "/usr/local/lib/python3.8/dist-packages/jupyter_cache/executors/utils.py", line 51, in single_nb_execution
    executenb(
  File "/usr/local/lib/python3.8/dist-packages/nbclient/client.py", line 1082, in execute
    return NotebookClient(nb=nb, resources=resources, km=km, **kwargs).execute()
  File "/usr/local/lib/python3.8/dist-packages/nbclient/util.py", line 74, in wrapped
    return just_run(coro(*args, **kwargs))
  File "/usr/local/lib/python3.8/dist-packages/nbclient/util.py", line 53, in just_run
    return loop.run_until_complete(coro)
  File "/usr/lib/python3.8/asyncio/base_events.py", line 616, in run_until_complete
    return future.result()
  File "/usr/local/lib/python3.8/dist-packages/nbclient/client.py", line 535, in async_execute
    await self.async_execute_cell(
  File "/usr/local/lib/python3.8/dist-packages/nbclient/client.py", line 827, in async_execute_cell
    self._check_raise_for_error(cell, exec_reply)
  File "/usr/local/lib/python3.8/dist-packages/nbclient/client.py", line 735, in _check_raise_for_error
    raise CellExecutionError.from_cell_and_msg(cell, exec_reply['content'])
nbclient.exceptions.CellExecutionError: An error occurred while executing the following cell:
------------------
plot(meanCvalue ~ TrophicLevel, data = mammals)
------------------

Error in plot.window(...): need finite 'xlim' values
Traceback:

1. plot(meanCvalue ~ TrophicLevel, data = mammals)
2. plot.formula(meanCvalue ~ TrophicLevel, data = mammals)
3. do.call(funname, c(list(mf[[i]], y, ylab = yl, xlab = xl), dots))
4. plot(c("Carnivore", NA, "Herbivore", NA, "Herbivore", "Herbivore", 
 . NA, "Omnivore", NA, NA, NA, "Omnivore", "Omnivore", NA, "Herbivore", 
 . "Herbivore", "Herbivore", "Omnivore", "Omnivore", NA, NA, NA, 
 . "Omnivore", "Herbivore", "Omnivore", "Herbivore", NA, "Herbivore", 
 . "Herbivore", "Omnivore", "Carnivore", "Herbivore", "Herbivore", 
 . "Omnivore", "Herbivore", NA, "Herbivore", "Carnivore", NA, "Omnivore", 
 . "Omnivore", NA, NA, NA, "Omnivore", "Omnivore", "Herbivore", 
 . "Herbivore", "Carnivore", "Carnivore", "Carnivore", "Herbivore", 
 . "Herbivore", "Herbivore", "Omnivore", NA, NA, "Omnivore", "Omnivore", 
 . "Omnivore", "Omnivore", NA, "Omnivore", "Herbivore", "Herbivore", 
 . "Omnivore", "Omnivore", "Omnivore", "Omnivore", NA, "Herbivore", 
 . "Herbivore", "Carnivore", "Omnivore", NA, "Omnivore", "Herbivore", 
 . "Herbivore", NA, NA, "Herbivore", "Herbivore", "Herbivore", "Herbivore", 
 . "Herbivore", "Herbivore", "Herbivore", "Herbivore", "Herbivore", 
 . "Herbivore", "Herbivore", "Herbivore", "Omnivore", "Omnivore", 
 . "Omnivore", "Omnivore", "Carnivore", "Omnivore", "Omnivore", 
 . "Carnivore", "Carnivore", "Herbivore", "Omnivore", "Omnivore", 
 . "Omnivore", NA, "Herbivore", "Omnivore", "Herbivore", "Omnivore", 
 . "Omnivore", NA, "Omnivore", "Herbivore", "Herbivore", "Herbivore", 
 . NA, "Herbivore", NA, "Herbivore", "Herbivore", NA, NA, "Omnivore", 
 . "Herbivore", "Carnivore", NA, "Carnivore", "Carnivore", "Herbivore", 
 . "Herbivore", "Omnivore", "Omnivore", "Omnivore", "Herbivore", 
 . "Omnivore", "Omnivore", "Omnivore", "Carnivore", "Omnivore", 
 . "Carnivore", "Omnivore", "Herbivore", "Herbivore", "Herbivore", 
 . "Herbivore", NA, "Herbivore", "Herbivore", "Omnivore", "Omnivore", 
 . NA, NA, "Herbivore", "Omnivore", "Herbivore", "Herbivore", "Omnivore", 
 . "Herbivore", NA, "Omnivore", "Omnivore", "Omnivore", "Omnivore", 
 . "Omnivore", "Omnivore", "Herbivore", "Omnivore", "Omnivore", 
 . "Herbivore", NA, "Herbivore", "Herbivore", "Omnivore", "Herbivore", 
 . NA, NA, "Carnivore", "Herbivore", "Carnivore", "Omnivore", "Herbivore", 
 . "Carnivore", "Carnivore", "Herbivore", "Omnivore", "Omnivore", 
 . NA, "Herbivore", "Omnivore", "Herbivore", "Omnivore", "Omnivore", 
 . "Herbivore", "Herbivore", "Carnivore", "Herbivore", "Herbivore", 
 . "Herbivore", "Herbivore", "Omnivore", "Omnivore", "Omnivore", 
 . "Omnivore", "Herbivore", NA, NA, NA, NA, "Omnivore", "Carnivore", 
 . "Herbivore", "Omnivore", "Herbivore", NA, NA, NA, NA, NA, NA, 
 . NA, "Herbivore", "Omnivore", NA, "Carnivore", "Omnivore", "Omnivore", 
 . "Omnivore", "Herbivore", "Herbivore", NA, NA, NA, NA, "Carnivore", 
 . "Herbivore", NA, "Carnivore", "Carnivore", "Omnivore", "Carnivore", 
 . NA, NA, NA, NA, "Carnivore", "Carnivore", "Carnivore", "Herbivore", 
 . "Omnivore", "Carnivore", NA, "Herbivore", "Omnivore", "Omnivore", 
 . "Omnivore", "Herbivore", "Omnivore", "Herbivore", "Herbivore", 
 . "Herbivore", NA, "Omnivore", "Omnivore", "Carnivore", "Carnivore", 
 . "Herbivore", NA, "Omnivore", "Omnivore", "Herbivore", "Omnivore", 
 . "Carnivore", "Carnivore", "Omnivore", "Herbivore", "Herbivore", 
 . "Omnivore", "Omnivore", "Omnivore", "Omnivore", "Omnivore", "Omnivore", 
 . NA, "Herbivore", "Herbivore", "Omnivore", "Omnivore", "Omnivore", 
 . "Omnivore", "Omnivore", NA, "Carnivore", NA, "Herbivore", "Omnivore", 
 . "Herbivore", "Carnivore", "Herbivore", "Omnivore", "Omnivore", 
 . "Herbivore", "Omnivore", NA, "Carnivore", "Carnivore", "Herbivore", 
 . "Herbivore", "Herbivore", "Herbivore", NA, "Herbivore", "Herbivore", 
 . "Herbivore", "Herbivore", "Herbivore", "Herbivore", "Omnivore", 
 . "Carnivore", NA, "Carnivore", "Carnivore", NA, "Carnivore", "Herbivore", 
 . NA, "Omnivore", "Omnivore", NA, NA, "Omnivore", "Omnivore", "Carnivore", 
 . "Omnivore", NA, "Carnivore", NA, "Herbivore", NA, "Herbivore", 
 . "Omnivore", "Herbivore", "Herbivore", "Omnivore", "Carnivore", 
 . "Carnivore", "Carnivore", "Carnivore", "Herbivore", "Herbivore", 
 . "Omnivore", "Herbivore", "Herbivore", "Herbivore", "Herbivore", 
 . "Herbivore", "Herbivore", NA, "Omnivore", "Omnivore", "Carnivore", 
 . "Herbivore", "Omnivore", "Herbivore", "Omnivore", "Carnivore", 
 . "Herbivore", "Omnivore", "Omnivore", "Omnivore", "Omnivore", 
 . "Herbivore", "Herbivore", "Herbivore", "Herbivore", "Carnivore", 
 . "Omnivore", "Omnivore", "Omnivore"), c(2.56, 2.64, 3.75, 3.7, 
 . 3.98, 4.69, 2.15, 2.43, 2.73, 2.92, 2.77, 3.05, 3.16, 5.19, 3.84, 
 . 3.63, 3.63, 2.73, 2.64, 2.37, 3.11, 3.24, 3.35, 2.58, 2.64333333333333, 
 . 2.7, 2.91, 3.63, 3.25, 3.47, 2.2, 2.9, 4.9, 2.99, 3.75, 3.61666666666667, 
 . 4.23, 3.98, 2.3, 2.26, 3.43, 2.8, 3.11, 3.36, 3.185, 3.1, 2.635, 
 . 2.795, 2.82, 2.81, 3.04, 3.23, 3.24, 2.955, 2.88333333333333, 
 . 3.835, 4.55, 3.98, 3.7, 3.84, 3.4, 3.48, 3.48, 4.12, 4.32, 4.375, 
 . 4.87, 4.4, 4.46, 4.18, 2.1, 4.16, 6.32, 2.85, 3.19, 2.99, 3.61, 
 . 3.61, 3.18, 3.505, 3.6, 3.4, 4.035, 3.9, 3.77, 3.88, 3.56, 4.9, 
 . 3.58666666666667, 3.2, 3.73, 2.27, 4.89, 4.92, 5.41, 4.32, 5.76, 
 . 5.17, 3.48, 3.29, 2.66, 3.34, 4.3, 3.555, 4.15, 4.12, 3.82, 3.355, 
 . 3.52, 3.49, 4.475, 3.45, 4.215, 2.23, 3.7, 3.85, 2.27, 2.03, 
 . 5.98, 4.03, 3.7, 2.955, 2.99, 2.23, 2.04, 2.55, 2.74, 2.53, 2.34, 
 . 4.12, 3.22, 3.66, 3.675, 3.59, 3.075, 3.035, 3.25, 2.59, 2.57, 
 . 4.16, 2.96, 4.075, 3.95, 3.48, 3.3, 3.67, 3.64, 4, 2.77, 2.78, 
 . 3.75, 4.03, 2.81, 3.225, 3.25, 3.05, 2.9, 2.77, 3.26, 3.5, 3.125, 
 . 3.26, 3.085, 3.24, 3.32, 3.37, 2.42, 4.67, 4.62, 3.3, 3.25, 3.21, 
 . 4.05, 3.28, 3.25, 3.38, 3.25, 3.91, 3.66, 2.485, 3.76, 4.275, 
 . 4.2, 2.73, 3.46, 3.43, 3.56, 3.43, 3.365, 3.56, 3.45, 3.405, 
 . 3.5, 2, 2.15, 3.29, 4.06, 4.47, 4.46, 3.13, 4.29, 3.5, 3.94, 
 . 2.85, 2.2, 2.03, 2.26, 2.18, 3.64, 3.53166666666667, 4.88, 3.1, 
 . 3.12, 2.23, 2.78, 3.42, 2.915, 2.62, 2.5, 3.12, 2.61, 2.95, 2.63, 
 . 2.58, 2, 3.67, 5.22, 4.17, 2.80142857142857, 2.99, 3.02, 2.98, 
 . 3.07, 3.1, 3.25411764705882, 3.07, 3.68, 3.08, 2.81, 3.6, 1.86333333333333, 
 . 2.52, 2.61, 2.495, 2.57, 2.13666666666667, 1.93, 4.32, 4.32, 
 . 3.28, 2.77, 3.46, 3.82, 2.63, 3.23, 3.58, 3.85, 4.31, 4.4, 4.1, 
 . 3.9, 3.06, 2.8, 2.78, 3.06, 5.865, 3.17714285714286, 3.78, 3.41, 
 . 3.61, 3.075, 2.67, 3.39, 2.7275, 3.675, 3.535, 2.23, 4.42, 4.45666666666667, 
 . 3.57666666666667, 3.24, 3.3, 4.36, 3.57, 4.02, 3.69, 2.94, 2.45, 
 . 2.52, 2.62, 2.91, 3.87, 1.99, 2.77, 2.65, 3.78666666666667, 3.6, 
 . 4.47, 4.06, 2.85, 5.47, 6.23, 3.85, 6.275, 2.69, 2.84, 2.34, 
 . 2.2, 2.33, 2.51, 2.21, 2.32, 2.32, 2.23, 2.37, 3.41, 3.36, 3.062, 
 . 2.41, 1.87, 2.22666666666667, 1.92, 3.69, 2.8, 2.29, 2.2, 3.3, 
 . 4.82, 3.02, 2.14, 5.03, 3.96, 3.49, 2.91, 2.9, 2.75, 3.46, 3.87, 
 . 2.08, 2.82, 2.69, 2.82, 2.68, 3.12777777777778, 2.89, 2.94, 2.5, 
 . 4.11, 2.54, 2.75, 3.78, 5.26, 4.90866666666667, 2.17, 2.57, 5.39333333333333, 
 . 4.38, 4.08, 2.35, 2.51, 2.41, 3.94, 4.67, 3, 3.55, 3.15, 8.4, 
 . 3.07, 2.67, 2.37, 2.75, 2.765, 2.49, 3.24, 3.99, 2.85, 4.21, 
 . 3.15, 3.81), ylab = "meanCvalue", xlab = "TrophicLevel")
5. plot.default(c("Carnivore", NA, "Herbivore", NA, "Herbivore", 
 . "Herbivore", NA, "Omnivore", NA, NA, NA, "Omnivore", "Omnivore", 
 . NA, "Herbivore", "Herbivore", "Herbivore", "Omnivore", "Omnivore", 
 . NA, NA, NA, "Omnivore", "Herbivore", "Omnivore", "Herbivore", 
 . NA, "Herbivore", "Herbivore", "Omnivore", "Carnivore", "Herbivore", 
 . "Herbivore", "Omnivore", "Herbivore", NA, "Herbivore", "Carnivore", 
 . NA, "Omnivore", "Omnivore", NA, NA, NA, "Omnivore", "Omnivore", 
 . "Herbivore", "Herbivore", "Carnivore", "Carnivore", "Carnivore", 
 . "Herbivore", "Herbivore", "Herbivore", "Omnivore", NA, NA, "Omnivore", 
 . "Omnivore", "Omnivore", "Omnivore", NA, "Omnivore", "Herbivore", 
 . "Herbivore", "Omnivore", "Omnivore", "Omnivore", "Omnivore", 
 . NA, "Herbivore", "Herbivore", "Carnivore", "Omnivore", NA, "Omnivore", 
 . "Herbivore", "Herbivore", NA, NA, "Herbivore", "Herbivore", "Herbivore", 
 . "Herbivore", "Herbivore", "Herbivore", "Herbivore", "Herbivore", 
 . "Herbivore", "Herbivore", "Herbivore", "Herbivore", "Omnivore", 
 . "Omnivore", "Omnivore", "Omnivore", "Carnivore", "Omnivore", 
 . "Omnivore", "Carnivore", "Carnivore", "Herbivore", "Omnivore", 
 . "Omnivore", "Omnivore", NA, "Herbivore", "Omnivore", "Herbivore", 
 . "Omnivore", "Omnivore", NA, "Omnivore", "Herbivore", "Herbivore", 
 . "Herbivore", NA, "Herbivore", NA, "Herbivore", "Herbivore", NA, 
 . NA, "Omnivore", "Herbivore", "Carnivore", NA, "Carnivore", "Carnivore", 
 . "Herbivore", "Herbivore", "Omnivore", "Omnivore", "Omnivore", 
 . "Herbivore", "Omnivore", "Omnivore", "Omnivore", "Carnivore", 
 . "Omnivore", "Carnivore", "Omnivore", "Herbivore", "Herbivore", 
 . "Herbivore", "Herbivore", NA, "Herbivore", "Herbivore", "Omnivore", 
 . "Omnivore", NA, NA, "Herbivore", "Omnivore", "Herbivore", "Herbivore", 
 . "Omnivore", "Herbivore", NA, "Omnivore", "Omnivore", "Omnivore", 
 . "Omnivore", "Omnivore", "Omnivore", "Herbivore", "Omnivore", 
 . "Omnivore", "Herbivore", NA, "Herbivore", "Herbivore", "Omnivore", 
 . "Herbivore", NA, NA, "Carnivore", "Herbivore", "Carnivore", "Omnivore", 
 . "Herbivore", "Carnivore", "Carnivore", "Herbivore", "Omnivore", 
 . "Omnivore", NA, "Herbivore", "Omnivore", "Herbivore", "Omnivore", 
 . "Omnivore", "Herbivore", "Herbivore", "Carnivore", "Herbivore", 
 . "Herbivore", "Herbivore", "Herbivore", "Omnivore", "Omnivore", 
 . "Omnivore", "Omnivore", "Herbivore", NA, NA, NA, NA, "Omnivore", 
 . "Carnivore", "Herbivore", "Omnivore", "Herbivore", NA, NA, NA, 
 . NA, NA, NA, NA, "Herbivore", "Omnivore", NA, "Carnivore", "Omnivore", 
 . "Omnivore", "Omnivore", "Herbivore", "Herbivore", NA, NA, NA, 
 . NA, "Carnivore", "Herbivore", NA, "Carnivore", "Carnivore", "Omnivore", 
 . "Carnivore", NA, NA, NA, NA, "Carnivore", "Carnivore", "Carnivore", 
 . "Herbivore", "Omnivore", "Carnivore", NA, "Herbivore", "Omnivore", 
 . "Omnivore", "Omnivore", "Herbivore", "Omnivore", "Herbivore", 
 . "Herbivore", "Herbivore", NA, "Omnivore", "Omnivore", "Carnivore", 
 . "Carnivore", "Herbivore", NA, "Omnivore", "Omnivore", "Herbivore", 
 . "Omnivore", "Carnivore", "Carnivore", "Omnivore", "Herbivore", 
 . "Herbivore", "Omnivore", "Omnivore", "Omnivore", "Omnivore", 
 . "Omnivore", "Omnivore", NA, "Herbivore", "Herbivore", "Omnivore", 
 . "Omnivore", "Omnivore", "Omnivore", "Omnivore", NA, "Carnivore", 
 . NA, "Herbivore", "Omnivore", "Herbivore", "Carnivore", "Herbivore", 
 . "Omnivore", "Omnivore", "Herbivore", "Omnivore", NA, "Carnivore", 
 . "Carnivore", "Herbivore", "Herbivore", "Herbivore", "Herbivore", 
 . NA, "Herbivore", "Herbivore", "Herbivore", "Herbivore", "Herbivore", 
 . "Herbivore", "Omnivore", "Carnivore", NA, "Carnivore", "Carnivore", 
 . NA, "Carnivore", "Herbivore", NA, "Omnivore", "Omnivore", NA, 
 . NA, "Omnivore", "Omnivore", "Carnivore", "Omnivore", NA, "Carnivore", 
 . NA, "Herbivore", NA, "Herbivore", "Omnivore", "Herbivore", "Herbivore", 
 . "Omnivore", "Carnivore", "Carnivore", "Carnivore", "Carnivore", 
 . "Herbivore", "Herbivore", "Omnivore", "Herbivore", "Herbivore", 
 . "Herbivore", "Herbivore", "Herbivore", "Herbivore", NA, "Omnivore", 
 . "Omnivore", "Carnivore", "Herbivore", "Omnivore", "Herbivore", 
 . "Omnivore", "Carnivore", "Herbivore", "Omnivore", "Omnivore", 
 . "Omnivore", "Omnivore", "Herbivore", "Herbivore", "Herbivore", 
 . "Herbivore", "Carnivore", "Omnivore", "Omnivore", "Omnivore"), 
 .     c(2.56, 2.64, 3.75, 3.7, 3.98, 4.69, 2.15, 2.43, 2.73, 2.92, 
 .     2.77, 3.05, 3.16, 5.19, 3.84, 3.63, 3.63, 2.73, 2.64, 2.37, 
 .     3.11, 3.24, 3.35, 2.58, 2.64333333333333, 2.7, 2.91, 3.63, 
 .     3.25, 3.47, 2.2, 2.9, 4.9, 2.99, 3.75, 3.61666666666667, 
 .     4.23, 3.98, 2.3, 2.26, 3.43, 2.8, 3.11, 3.36, 3.185, 3.1, 
 .     2.635, 2.795, 2.82, 2.81, 3.04, 3.23, 3.24, 2.955, 2.88333333333333, 
 .     3.835, 4.55, 3.98, 3.7, 3.84, 3.4, 3.48, 3.48, 4.12, 4.32, 
 .     4.375, 4.87, 4.4, 4.46, 4.18, 2.1, 4.16, 6.32, 2.85, 3.19, 
 .     2.99, 3.61, 3.61, 3.18, 3.505, 3.6, 3.4, 4.035, 3.9, 3.77, 
 .     3.88, 3.56, 4.9, 3.58666666666667, 3.2, 3.73, 2.27, 4.89, 
 .     4.92, 5.41, 4.32, 5.76, 5.17, 3.48, 3.29, 2.66, 3.34, 4.3, 
 .     3.555, 4.15, 4.12, 3.82, 3.355, 3.52, 3.49, 4.475, 3.45, 
 .     4.215, 2.23, 3.7, 3.85, 2.27, 2.03, 5.98, 4.03, 3.7, 2.955, 
 .     2.99, 2.23, 2.04, 2.55, 2.74, 2.53, 2.34, 4.12, 3.22, 3.66, 
 .     3.675, 3.59, 3.075, 3.035, 3.25, 2.59, 2.57, 4.16, 2.96, 
 .     4.075, 3.95, 3.48, 3.3, 3.67, 3.64, 4, 2.77, 2.78, 3.75, 
 .     4.03, 2.81, 3.225, 3.25, 3.05, 2.9, 2.77, 3.26, 3.5, 3.125, 
 .     3.26, 3.085, 3.24, 3.32, 3.37, 2.42, 4.67, 4.62, 3.3, 3.25, 
 .     3.21, 4.05, 3.28, 3.25, 3.38, 3.25, 3.91, 3.66, 2.485, 3.76, 
 .     4.275, 4.2, 2.73, 3.46, 3.43, 3.56, 3.43, 3.365, 3.56, 3.45, 
 .     3.405, 3.5, 2, 2.15, 3.29, 4.06, 4.47, 4.46, 3.13, 4.29, 
 .     3.5, 3.94, 2.85, 2.2, 2.03, 2.26, 2.18, 3.64, 3.53166666666667, 
 .     4.88, 3.1, 3.12, 2.23, 2.78, 3.42, 2.915, 2.62, 2.5, 3.12, 
 .     2.61, 2.95, 2.63, 2.58, 2, 3.67, 5.22, 4.17, 2.80142857142857, 
 .     2.99, 3.02, 2.98, 3.07, 3.1, 3.25411764705882, 3.07, 3.68, 
 .     3.08, 2.81, 3.6, 1.86333333333333, 2.52, 2.61, 2.495, 2.57, 
 .     2.13666666666667, 1.93, 4.32, 4.32, 3.28, 2.77, 3.46, 3.82, 
 .     2.63, 3.23, 3.58, 3.85, 4.31, 4.4, 4.1, 3.9, 3.06, 2.8, 2.78, 
 .     3.06, 5.865, 3.17714285714286, 3.78, 3.41, 3.61, 3.075, 2.67, 
 .     3.39, 2.7275, 3.675, 3.535, 2.23, 4.42, 4.45666666666667, 
 .     3.57666666666667, 3.24, 3.3, 4.36, 3.57, 4.02, 3.69, 2.94, 
 .     2.45, 2.52, 2.62, 2.91, 3.87, 1.99, 2.77, 2.65, 3.78666666666667, 
 .     3.6, 4.47, 4.06, 2.85, 5.47, 6.23, 3.85, 6.275, 2.69, 2.84, 
 .     2.34, 2.2, 2.33, 2.51, 2.21, 2.32, 2.32, 2.23, 2.37, 3.41, 
 .     3.36, 3.062, 2.41, 1.87, 2.22666666666667, 1.92, 3.69, 2.8, 
 .     2.29, 2.2, 3.3, 4.82, 3.02, 2.14, 5.03, 3.96, 3.49, 2.91, 
 .     2.9, 2.75, 3.46, 3.87, 2.08, 2.82, 2.69, 2.82, 2.68, 3.12777777777778, 
 .     2.89, 2.94, 2.5, 4.11, 2.54, 2.75, 3.78, 5.26, 4.90866666666667, 
 .     2.17, 2.57, 5.39333333333333, 4.38, 4.08, 2.35, 2.51, 2.41, 
 .     3.94, 4.67, 3, 3.55, 3.15, 8.4, 3.07, 2.67, 2.37, 2.75, 2.765, 
 .     2.49, 3.24, 3.99, 2.85, 4.21, 3.15, 3.81), ylab = "meanCvalue", 
 .     xlab = "TrophicLevel")
6. localWindow(xlim, ylim, log, asp, ...)
7. plot.window(...)
ERROR: Error in plot.window(...): need finite 'xlim' values


