Traceback (most recent call last):
  File "/usr/local/lib/python3.8/dist-packages/jupyter_cache/executors/utils.py", line 51, in single_nb_execution
    executenb(
  File "/usr/local/lib/python3.8/dist-packages/nbclient/client.py", line 1082, in execute
    return NotebookClient(nb=nb, resources=resources, km=km, **kwargs).execute()
  File "/usr/local/lib/python3.8/dist-packages/nbclient/util.py", line 74, in wrapped
    return just_run(coro(*args, **kwargs))
  File "/usr/local/lib/python3.8/dist-packages/nbclient/util.py", line 53, in just_run
    return loop.run_until_complete(coro)
  File "/usr/lib/python3.8/asyncio/base_events.py", line 616, in run_until_complete
    return future.result()
  File "/usr/local/lib/python3.8/dist-packages/nbclient/client.py", line 535, in async_execute
    await self.async_execute_cell(
  File "/usr/local/lib/python3.8/dist-packages/nbclient/client.py", line 827, in async_execute_cell
    self._check_raise_for_error(cell, exec_reply)
  File "/usr/local/lib/python3.8/dist-packages/nbclient/client.py", line 735, in _check_raise_for_error
    raise CellExecutionError.from_cell_and_msg(cell, exec_reply['content'])
nbclient.exceptions.CellExecutionError: An error occurred while executing the following cell:
------------------
# plot the scatterplot of the data
plot(logBW ~ logGS, data = odonata, col = Suborder)
# add the predicted lines
lines(AnisoPred$fit ~ LogGSForFitting, col = "black")
lines(AnisoPred$fit + AnisoPred$se.fit ~ LogGSForFitting, col = "black", lty = 2)
lines(AnisoPred$fit - AnisoPred$se.fit ~ LogGSForFitting, col = "black", lty = 2)
------------------

Error in plot.xy(xy, type, ...): invalid color name 'Anisoptera'
Traceback:

1. plot(logBW ~ logGS, data = odonata, col = Suborder)
2. plot.formula(logBW ~ logGS, data = odonata, col = Suborder)
3. do.call(funname, c(list(mf[[i]], y, ylab = yl, xlab = xl), dots))
4. plot(c(0.78845736036427, 0.56531380905006, 0.615185639090233, 
 . 0.576613364303994, 0.693147180559945, 0.46373401623214, 0.364643113587909, 
 . 0.148420005118273, 0.364643113587909, 0.182321556793955, 0.27002713721306, 
 . -0.0618754037180875, 0.431782416425538, -0.0202027073175195, 
 . 0, 0.0953101798043249, -0.0202027073175195, 0.27763173659828, 
 . 0.0769610411361284, 0.587786664902119, 0.858661619037519, -0.186329578191493, 
 . -0.198450938723838, -0.562118918153541, -0.342490308946776, -0.27443684570176, 
 . -0.342490308946776, -0.2484613592985, -0.3147107448397, -0.287682072451781, 
 . -0.328504066972036, -0.0725706928348354, -0.0618754037180875, 
 . -0.49429632181478, -0.328504066972036, -0.371063681390832, -0.139262067333508, 
 . -0.261364764134408, -0.0943106794712413, -0.616186139423817, 
 . -0.579818495252942, -0.400477566597125, -0.478035800943, -0.510825623765991, 
 . -0.0202027073175195, -0.0618754037180875, -0.0725706928348354, 
 . 0.2390169004705, -0.301105092783922, -0.139262067333508, -0.174353387144778, 
 . -0.0512932943875506, -0.891598119283784, -0.385662480811985, 
 . -0.478035800943, -0.2484613592985, -0.198450938723838, -0.261364764134408, 
 . -0.400477566597125, -0.400477566597125, 0.0769610411361284, 0.0676586484738149, 
 . 0, 0.104360015324243, -0.0618754037180875, 0.104360015324243, 
 . -0.116533816255952, -0.127833371509885, -0.0618754037180875, 
 . -0.0725706928348354, -0.105360515657826, -0.105360515657826, 
 . -0.127833371509885, 0.131028262406404, 0.300104592450338, -0.0618754037180875, 
 . 0.231111720963387, 0, 0.0953101798043249, 0.182321556793955, 
 . 0.139761942375159, 0.182321556793955, 0.165514438477573, 0.165514438477573, 
 . 0.0769610411361284, 0.173953307123438, 0.246860077931526, 0.29266961396282, 
 . -0.0408219945202552, -0.127833371509885, -0.0304592074847086, 
 . 0.425267735404344, 0.587786664902119, -0.510825623765991, -0.328504066972036, 
 . -0.510825623765991, -0.462035459596559, -0.527632742082372, -0.3147107448397, 
 . -0.478035800943), c(-1.83885107676191, -1.4784096500277, -1.16475209117265, 
 . -1.52326021619305, -1.57503648571677, -1.51412773262978, -1.06711362160874, 
 . -2.05572501506252, -0.936493439191674, -3.54045944899566, -1.33560124680437, 
 . -1.63989711991881, -2.65926003693278, -3.07911388249304, -2.68824757380603, 
 . -2.90042209374967, -1.86433016206289, -2.64507540194082, -2.1119647333854, 
 . -2.12026353620009, -2.24431618487007, -2.04794287462046, -2.29263476214088, 
 . -2.14558134418438, -2.95651156040071, -1.51412773262978, -2.91877123241786, 
 . -2.28278246569787, -2.3434070875143, -2.60369018577797, -2.74887219562247, 
 . -1.14885350510486, -2.2730262907525, -2.55104645229255, -2.68824757380603, 
 . -2.86470401114759, -3.44201937618241, -3.47376807449699, NA, 
 . NA, -2.93746336543002, -3.9633162998157, -2.47693848013882, -3.12356564506388, 
 . -3.2188758248682, -3.72970144863419, -3.19418321227783, -3.2188758248682, 
 . -2.18925640768704, -2.43041846450393, -1.89047544216721, -1.56064774826467, 
 . -3.54045944899566, -3.61191841297781, -2.1982250776698, -3.64965874096066, 
 . -3.81671282562382, -3.81671282562382, -2.01740615076038, -2.79688141480883, 
 . -2.00991547903123, -1.54177926396029, -3.72970144863419, -3.27016911925575, 
 . -3.64965874096066, -3.72970144863419, -5.52146091786225, -4.50986000618377, 
 . -5.11599580975408, -4.8283137373023, -4.26869794936688, -4.8283137373023, 
 . -4.71053070164592, -4.42284862919414, -4.8283137373023, -5.29831736654804, 
 . -4.71053070164592, -4.42284862919414, -4.60517018598809, -4.42284862919414, 
 . -4.96184512992682, -4.07454193492592, -4.8283137373023, -4.96184512992682, 
 . -4.96184512992682, -5.11599580975408, -5.11599580975408, -5.11599580975408, 
 . -5.52146091786225, -4.8283137373023, -5.29831736654804, -6.21460809842219, 
 . -5.52146091786225, -4.42284862919414, -4.07454193492592, -3.54045944899566, 
 . -4.19970507787993, -3.81671282562382, -4.3428059215206, -4.19970507787993
 . ), ylab = "logBW", xlab = "logGS", col = c("Anisoptera", "Anisoptera", 
 . "Anisoptera", "Anisoptera", "Anisoptera", "Anisoptera", "Anisoptera", 
 . "Anisoptera", "Anisoptera", "Anisoptera", "Anisoptera", "Anisoptera", 
 . "Anisoptera", "Anisoptera", "Anisoptera", "Anisoptera", "Anisoptera", 
 . "Anisoptera", "Anisoptera", "Anisoptera", "Anisoptera", "Anisoptera", 
 . "Anisoptera", "Anisoptera", "Anisoptera", "Anisoptera", "Anisoptera", 
 . "Anisoptera", "Anisoptera", "Anisoptera", "Anisoptera", "Anisoptera", 
 . "Anisoptera", "Anisoptera", "Anisoptera", "Anisoptera", "Anisoptera", 
 . "Anisoptera", "Anisoptera", "Anisoptera", "Anisoptera", "Anisoptera", 
 . "Anisoptera", "Anisoptera", "Anisoptera", "Anisoptera", "Anisoptera", 
 . "Anisoptera", "Anisoptera", "Anisoptera", "Anisoptera", "Anisoptera", 
 . "Anisoptera", "Anisoptera", "Anisoptera", "Anisoptera", "Anisoptera", 
 . "Anisoptera", "Anisoptera", "Anisoptera", "Anisoptera", "Anisoptera", 
 . "Zygoptera", "Zygoptera", "Zygoptera", "Zygoptera", "Zygoptera", 
 . "Zygoptera", "Zygoptera", "Zygoptera", "Zygoptera", "Zygoptera", 
 . "Zygoptera", "Zygoptera", "Zygoptera", "Zygoptera", "Zygoptera", 
 . "Zygoptera", "Zygoptera", "Zygoptera", "Zygoptera", "Zygoptera", 
 . "Zygoptera", "Zygoptera", "Zygoptera", "Zygoptera", "Zygoptera", 
 . "Zygoptera", "Zygoptera", "Zygoptera", "Zygoptera", "Zygoptera", 
 . "Zygoptera", "Zygoptera", "Zygoptera", "Zygoptera", "Zygoptera", 
 . "Zygoptera", "Zygoptera", "Zygoptera"))
5. plot.default(c(0.78845736036427, 0.56531380905006, 0.615185639090233, 
 . 0.576613364303994, 0.693147180559945, 0.46373401623214, 0.364643113587909, 
 . 0.148420005118273, 0.364643113587909, 0.182321556793955, 0.27002713721306, 
 . -0.0618754037180875, 0.431782416425538, -0.0202027073175195, 
 . 0, 0.0953101798043249, -0.0202027073175195, 0.27763173659828, 
 . 0.0769610411361284, 0.587786664902119, 0.858661619037519, -0.186329578191493, 
 . -0.198450938723838, -0.562118918153541, -0.342490308946776, -0.27443684570176, 
 . -0.342490308946776, -0.2484613592985, -0.3147107448397, -0.287682072451781, 
 . -0.328504066972036, -0.0725706928348354, -0.0618754037180875, 
 . -0.49429632181478, -0.328504066972036, -0.371063681390832, -0.139262067333508, 
 . -0.261364764134408, -0.0943106794712413, -0.616186139423817, 
 . -0.579818495252942, -0.400477566597125, -0.478035800943, -0.510825623765991, 
 . -0.0202027073175195, -0.0618754037180875, -0.0725706928348354, 
 . 0.2390169004705, -0.301105092783922, -0.139262067333508, -0.174353387144778, 
 . -0.0512932943875506, -0.891598119283784, -0.385662480811985, 
 . -0.478035800943, -0.2484613592985, -0.198450938723838, -0.261364764134408, 
 . -0.400477566597125, -0.400477566597125, 0.0769610411361284, 0.0676586484738149, 
 . 0, 0.104360015324243, -0.0618754037180875, 0.104360015324243, 
 . -0.116533816255952, -0.127833371509885, -0.0618754037180875, 
 . -0.0725706928348354, -0.105360515657826, -0.105360515657826, 
 . -0.127833371509885, 0.131028262406404, 0.300104592450338, -0.0618754037180875, 
 . 0.231111720963387, 0, 0.0953101798043249, 0.182321556793955, 
 . 0.139761942375159, 0.182321556793955, 0.165514438477573, 0.165514438477573, 
 . 0.0769610411361284, 0.173953307123438, 0.246860077931526, 0.29266961396282, 
 . -0.0408219945202552, -0.127833371509885, -0.0304592074847086, 
 . 0.425267735404344, 0.587786664902119, -0.510825623765991, -0.328504066972036, 
 . -0.510825623765991, -0.462035459596559, -0.527632742082372, -0.3147107448397, 
 . -0.478035800943), c(-1.83885107676191, -1.4784096500277, -1.16475209117265, 
 . -1.52326021619305, -1.57503648571677, -1.51412773262978, -1.06711362160874, 
 . -2.05572501506252, -0.936493439191674, -3.54045944899566, -1.33560124680437, 
 . -1.63989711991881, -2.65926003693278, -3.07911388249304, -2.68824757380603, 
 . -2.90042209374967, -1.86433016206289, -2.64507540194082, -2.1119647333854, 
 . -2.12026353620009, -2.24431618487007, -2.04794287462046, -2.29263476214088, 
 . -2.14558134418438, -2.95651156040071, -1.51412773262978, -2.91877123241786, 
 . -2.28278246569787, -2.3434070875143, -2.60369018577797, -2.74887219562247, 
 . -1.14885350510486, -2.2730262907525, -2.55104645229255, -2.68824757380603, 
 . -2.86470401114759, -3.44201937618241, -3.47376807449699, NA, 
 . NA, -2.93746336543002, -3.9633162998157, -2.47693848013882, -3.12356564506388, 
 . -3.2188758248682, -3.72970144863419, -3.19418321227783, -3.2188758248682, 
 . -2.18925640768704, -2.43041846450393, -1.89047544216721, -1.56064774826467, 
 . -3.54045944899566, -3.61191841297781, -2.1982250776698, -3.64965874096066, 
 . -3.81671282562382, -3.81671282562382, -2.01740615076038, -2.79688141480883, 
 . -2.00991547903123, -1.54177926396029, -3.72970144863419, -3.27016911925575, 
 . -3.64965874096066, -3.72970144863419, -5.52146091786225, -4.50986000618377, 
 . -5.11599580975408, -4.8283137373023, -4.26869794936688, -4.8283137373023, 
 . -4.71053070164592, -4.42284862919414, -4.8283137373023, -5.29831736654804, 
 . -4.71053070164592, -4.42284862919414, -4.60517018598809, -4.42284862919414, 
 . -4.96184512992682, -4.07454193492592, -4.8283137373023, -4.96184512992682, 
 . -4.96184512992682, -5.11599580975408, -5.11599580975408, -5.11599580975408, 
 . -5.52146091786225, -4.8283137373023, -5.29831736654804, -6.21460809842219, 
 . -5.52146091786225, -4.42284862919414, -4.07454193492592, -3.54045944899566, 
 . -4.19970507787993, -3.81671282562382, -4.3428059215206, -4.19970507787993
 . ), ylab = "logBW", xlab = "logGS", col = c("Anisoptera", "Anisoptera", 
 . "Anisoptera", "Anisoptera", "Anisoptera", "Anisoptera", "Anisoptera", 
 . "Anisoptera", "Anisoptera", "Anisoptera", "Anisoptera", "Anisoptera", 
 . "Anisoptera", "Anisoptera", "Anisoptera", "Anisoptera", "Anisoptera", 
 . "Anisoptera", "Anisoptera", "Anisoptera", "Anisoptera", "Anisoptera", 
 . "Anisoptera", "Anisoptera", "Anisoptera", "Anisoptera", "Anisoptera", 
 . "Anisoptera", "Anisoptera", "Anisoptera", "Anisoptera", "Anisoptera", 
 . "Anisoptera", "Anisoptera", "Anisoptera", "Anisoptera", "Anisoptera", 
 . "Anisoptera", "Anisoptera", "Anisoptera", "Anisoptera", "Anisoptera", 
 . "Anisoptera", "Anisoptera", "Anisoptera", "Anisoptera", "Anisoptera", 
 . "Anisoptera", "Anisoptera", "Anisoptera", "Anisoptera", "Anisoptera", 
 . "Anisoptera", "Anisoptera", "Anisoptera", "Anisoptera", "Anisoptera", 
 . "Anisoptera", "Anisoptera", "Anisoptera", "Anisoptera", "Anisoptera", 
 . "Zygoptera", "Zygoptera", "Zygoptera", "Zygoptera", "Zygoptera", 
 . "Zygoptera", "Zygoptera", "Zygoptera", "Zygoptera", "Zygoptera", 
 . "Zygoptera", "Zygoptera", "Zygoptera", "Zygoptera", "Zygoptera", 
 . "Zygoptera", "Zygoptera", "Zygoptera", "Zygoptera", "Zygoptera", 
 . "Zygoptera", "Zygoptera", "Zygoptera", "Zygoptera", "Zygoptera", 
 . "Zygoptera", "Zygoptera", "Zygoptera", "Zygoptera", "Zygoptera", 
 . "Zygoptera", "Zygoptera", "Zygoptera", "Zygoptera", "Zygoptera", 
 . "Zygoptera", "Zygoptera", "Zygoptera"))
6. plot.xy(xy, type, ...)
ERROR: Error in plot.xy(xy, type, ...): invalid color name 'Anisoptera'


